2025-07-04 02:15:11.919 | INFO     | consumer_service:consume_loop:33 - Esperando mensajes de Kafka...
2025-07-04 02:15:13.158 | INFO     | consumer_service:consume_loop:63 - Consumidor detenido.
2025-07-04 02:15:13.921 | ERROR    | consumer_service:consume_loop:59 - Error procesando mensaje: Consumer closed
2025-07-04 02:15:14.923 | ERROR    | consumer_service:consume_loop:59 - Error procesando mensaje: Consumer closed
2025-07-04 02:15:15.924 | ERROR    | consumer_service:consume_loop:59 - Error procesando mensaje: Consumer closed
2025-07-04 02:15:16.926 | ERROR    | consumer_service:consume_loop:59 - Error procesando mensaje: Consumer closed
2025-07-04 02:15:17.927 | ERROR    | consumer_service:consume_loop:59 - Error procesando mensaje: Consumer closed
2025-07-04 02:15:18.928 | INFO     | consumer_service:consume_loop:63 - Consumidor detenido.
2025-07-04 02:16:36.360 | INFO     | consumer_service:consume_loop:33 - Esperando mensajes de Kafka...
2025-07-04 02:23:26.000 | INFO     | consumer_service:consume_loop:44 - Mensaje recibido: {"Category": "Other", "TransactionAmount": 26.26287215978836, "AnomalyScore": 0.44448839001714213, "Timestamp": "2022-01-25 14:50:00", "Amount": 49.84900209737859, "AccountBalance": 9093.314805842047, "LastLogin": "2022-08-20", "SuspiciousFlag": 1, "Hour": 23, "usuario_id": "93012461-94ab-4de7-9bdc-7f65a3af38b0", "transaccion_id": "2b88a393-2109-48cb-a942-4bfc0bcd6206", "fecha": "2025-07-04 02:23:25"}
2025-07-04 02:23:26.061 | SUCCESS  | consumer_service:consume_loop:54 - Predicción obtenida: fraudulento
2025-07-04 02:23:26.095 | INFO     | consumer_service:save_to_postgres:197 - Registro insertado en la base de datos correctamente
2025-07-04 02:23:26.096 | INFO     | consumer_service:consume_loop:44 - Mensaje recibido: {"Category": "Other", "TransactionAmount": 21.296726074181812, "AnomalyScore": 0.7620355019329526, "Timestamp": "2022-01-21 23:04:44", "Amount": 76.61766299155767, "AccountBalance": 1913.9339647387337, "LastLogin": "2022-09-10", "SuspiciousFlag": 1, "Hour": 14, "usuario_id": "1afdd784-7f06-4d92-8d22-416f994e2ddf", "transaccion_id": "7ada780d-2f90-46f5-8d30-be739a5a1ba8", "fecha": "2025-07-04 02:23:25"}
2025-07-04 02:23:26.109 | SUCCESS  | consumer_service:consume_loop:54 - Predicción obtenida: fraudulento
2025-07-04 02:23:26.137 | INFO     | consumer_service:save_to_postgres:197 - Registro insertado en la base de datos correctamente
2025-07-04 02:23:26.138 | INFO     | consumer_service:consume_loop:44 - Mensaje recibido: {"Category": "Online", "TransactionAmount": 52.96163935958662, "AnomalyScore": 0.19818027207239813, "Timestamp": "2022-01-09 14:15:42", "Amount": 19.034787557761756, "AccountBalance": 8609.537763200435, "LastLogin": "2022-01-01", "SuspiciousFlag": 0, "Hour": 23, "usuario_id": "7be92b2c-0364-4caa-966b-640aaf01b8f1", "transaccion_id": "59f4b0ff-6828-436b-b07e-038e5a94a56c", "fecha": "2025-07-04 02:23:25"}
2025-07-04 02:23:26.151 | SUCCESS  | consumer_service:consume_loop:54 - Predicción obtenida: fraudulento
2025-07-04 02:23:26.178 | INFO     | consumer_service:save_to_postgres:197 - Registro insertado en la base de datos correctamente
2025-07-04 02:23:26.179 | INFO     | consumer_service:consume_loop:44 - Mensaje recibido: {"Category": "Online", "TransactionAmount": 16.019287695546776, "AnomalyScore": 0.22607866236295573, "Timestamp": "2022-01-16 02:59:55", "Amount": 76.3198791087706, "AccountBalance": 4075.0699115848993, "LastLogin": "2024-01-27", "SuspiciousFlag": 0, "Hour": 9, "usuario_id": "5a599062-5342-4ad5-a7bb-d3023c4489ee", "transaccion_id": "a8be8444-4232-4f73-a1af-948eb69f8d28", "fecha": "2025-07-04 02:23:25"}
2025-07-04 02:23:26.191 | SUCCESS  | consumer_service:consume_loop:54 - Predicción obtenida: fraudulento
2025-07-04 02:23:26.218 | INFO     | consumer_service:save_to_postgres:197 - Registro insertado en la base de datos correctamente
2025-07-04 02:23:26.218 | INFO     | consumer_service:consume_loop:44 - Mensaje recibido: {"Category": "Online", "TransactionAmount": 10.057863646142923, "AnomalyScore": 0.33548390763040714, "Timestamp": "2022-01-20 08:19:32", "Amount": 81.19766044677004, "AccountBalance": 8509.332327373395, "LastLogin": "2024-07-31", "SuspiciousFlag": 0, "Hour": 23, "usuario_id": "c70ae2c6-f97c-462f-92da-bec3c9fa0ac1", "transaccion_id": "d00a15d4-fe60-48e5-ad58-941a59753624", "fecha": "2025-07-04 02:23:25"}
2025-07-04 02:23:26.231 | SUCCESS  | consumer_service:consume_loop:54 - Predicción obtenida: fraudulento
2025-07-04 02:23:26.259 | INFO     | consumer_service:save_to_postgres:197 - Registro insertado en la base de datos correctamente
2025-07-04 02:23:26.259 | INFO     | consumer_service:consume_loop:44 - Mensaje recibido: {"Category": "Other", "TransactionAmount": 37.14681764341006, "AnomalyScore": 0.8846220507430966, "Timestamp": "2022-01-23 02:01:45", "Amount": 29.297713782010973, "AccountBalance": 4433.52273704466, "LastLogin": "2022-08-13", "SuspiciousFlag": 0, "Hour": 23, "usuario_id": "119ade0c-fcc7-44d8-b751-2821411a82d6", "transaccion_id": "2634a756-dbfb-4967-89cc-a7504e4cc5f0", "fecha": "2025-07-04 02:23:25"}
2025-07-04 02:23:26.273 | SUCCESS  | consumer_service:consume_loop:54 - Predicción obtenida: fraudulento
2025-07-04 02:23:26.299 | INFO     | consumer_service:save_to_postgres:197 - Registro insertado en la base de datos correctamente
2025-07-04 02:23:26.300 | INFO     | consumer_service:consume_loop:44 - Mensaje recibido: {"Category": "Online", "TransactionAmount": 15.280973662681209, "AnomalyScore": 0.45224811825215444, "Timestamp": "2022-02-11 15:00:00", "Amount": 99.88740974312738, "AccountBalance": 9726.54598347682, "LastLogin": "2022-11-10", "SuspiciousFlag": 0, "Hour": 11, "usuario_id": "d838ef8e-7382-433b-9483-8f36db9d9609", "transaccion_id": "452c24cb-930b-4425-93fa-9b55e2fb8134", "fecha": "2025-07-04 02:23:25"}
2025-07-04 02:23:26.314 | SUCCESS  | consumer_service:consume_loop:54 - Predicción obtenida: fraudulento
2025-07-04 02:23:26.342 | INFO     | consumer_service:save_to_postgres:197 - Registro insertado en la base de datos correctamente
2025-07-04 02:23:26.342 | INFO     | consumer_service:consume_loop:44 - Mensaje recibido: {"Category": "Travel", "TransactionAmount": 69.26232376243237, "AnomalyScore": 0.9990473412377048, "Timestamp": "2022-01-19 21:55:04", "Amount": 57.8590725555109, "AccountBalance": 4464.627598983246, "LastLogin": "2022-02-15", "SuspiciousFlag": 0, "Hour": 16, "usuario_id": "4bf7e2f3-2ec6-42c2-9bf7-dfa0fffcfda9", "transaccion_id": "d141ab04-f456-4ae0-8e9e-0f2f5bf565ca", "fecha": "2025-07-04 02:23:25"}
2025-07-04 02:23:26.358 | SUCCESS  | consumer_service:consume_loop:54 - Predicción obtenida: fraudulento
2025-07-04 02:23:26.387 | INFO     | consumer_service:save_to_postgres:197 - Registro insertado en la base de datos correctamente
2025-07-04 02:23:26.387 | INFO     | consumer_service:consume_loop:44 - Mensaje recibido: {"Category": "Online", "TransactionAmount": 38.403871056514795, "AnomalyScore": 0.776056600308278, "Timestamp": "2022-01-15 10:05:02", "Amount": 81.06736188344233, "AccountBalance": 9999.776238940984, "LastLogin": "2022-10-24", "SuspiciousFlag": 0, "Hour": 19, "usuario_id": "440354ae-9e51-4558-acc8-17cddb56ceab", "transaccion_id": "94a2fb08-7514-4b2b-9caf-f0fc5f075454", "fecha": "2025-07-04 02:23:25"}
2025-07-04 02:23:26.400 | SUCCESS  | consumer_service:consume_loop:54 - Predicción obtenida: fraudulento
2025-07-04 02:23:26.428 | INFO     | consumer_service:save_to_postgres:197 - Registro insertado en la base de datos correctamente
2025-07-04 02:23:26.429 | INFO     | consumer_service:consume_loop:44 - Mensaje recibido: {"Category": "Food", "TransactionAmount": 49.677890461263836, "AnomalyScore": 0.7332419792762194, "Timestamp": "2022-01-30 22:27:22", "Amount": 60.875747666523054, "AccountBalance": 9999.776238940984, "LastLogin": "2022-12-30", "SuspiciousFlag": 0, "Hour": 9, "usuario_id": "1ef58a67-5f42-400a-9fb8-39d818066e88", "transaccion_id": "bb33b7d2-733b-4dd4-8d16-ad5c49b36ef2", "fecha": "2025-07-04 02:23:25"}
2025-07-04 02:23:26.442 | SUCCESS  | consumer_service:consume_loop:54 - Predicción obtenida: fraudulento
2025-07-04 02:23:26.471 | INFO     | consumer_service:save_to_postgres:197 - Registro insertado en la base de datos correctamente
2025-07-04 02:23:45.990 | INFO     | consumer_service:consume_loop:44 - Mensaje recibido: {"Category": "Other", "TransactionAmount": 26.26287215978836, "AnomalyScore": 0.44448839001714213, "Timestamp": "2022-01-25 14:50:00", "Amount": 49.84900209737859, "AccountBalance": 9093.314805842047, "LastLogin": "2022-08-20", "SuspiciousFlag": 1, "Hour": 23, "usuario_id": "69d650b6-ed7d-417c-8422-aa41da93696d", "transaccion_id": "ab2f8285-0239-4744-bca5-ccef35b4c0b9", "fecha": "2025-07-04 02:23:45"}
2025-07-04 02:23:46.007 | SUCCESS  | consumer_service:consume_loop:54 - Predicción obtenida: fraudulento
2025-07-04 02:23:46.036 | INFO     | consumer_service:save_to_postgres:197 - Registro insertado en la base de datos correctamente
2025-07-04 02:23:46.036 | INFO     | consumer_service:consume_loop:44 - Mensaje recibido: {"Category": "Other", "TransactionAmount": 21.296726074181812, "AnomalyScore": 0.7620355019329526, "Timestamp": "2022-01-21 23:04:44", "Amount": 76.61766299155767, "AccountBalance": 1913.9339647387337, "LastLogin": "2022-09-10", "SuspiciousFlag": 1, "Hour": 14, "usuario_id": "fb90be7f-968e-4878-930e-b011fb805d3c", "transaccion_id": "ba5ceb7a-b6ca-457d-914e-90930c31ca8c", "fecha": "2025-07-04 02:23:45"}
2025-07-04 02:23:46.050 | SUCCESS  | consumer_service:consume_loop:54 - Predicción obtenida: fraudulento
2025-07-04 02:23:46.076 | INFO     | consumer_service:save_to_postgres:197 - Registro insertado en la base de datos correctamente
2025-07-04 02:23:46.077 | INFO     | consumer_service:consume_loop:44 - Mensaje recibido: {"Category": "Online", "TransactionAmount": 52.96163935958662, "AnomalyScore": 0.19818027207239813, "Timestamp": "2022-01-09 14:15:42", "Amount": 19.034787557761756, "AccountBalance": 8609.537763200435, "LastLogin": "2022-01-01", "SuspiciousFlag": 0, "Hour": 23, "usuario_id": "2eaf8866-85c6-4e22-b98e-f1ff7b8ebfd3", "transaccion_id": "d0549da7-5b3b-48b5-888d-de97fc04ef3f", "fecha": "2025-07-04 02:23:45"}
2025-07-04 02:23:46.092 | SUCCESS  | consumer_service:consume_loop:54 - Predicción obtenida: fraudulento
2025-07-04 02:23:46.117 | INFO     | consumer_service:save_to_postgres:197 - Registro insertado en la base de datos correctamente
2025-07-04 02:23:46.118 | INFO     | consumer_service:consume_loop:44 - Mensaje recibido: {"Category": "Online", "TransactionAmount": 16.019287695546776, "AnomalyScore": 0.22607866236295573, "Timestamp": "2022-01-16 02:59:55", "Amount": 76.3198791087706, "AccountBalance": 4075.0699115848993, "LastLogin": "2024-01-27", "SuspiciousFlag": 0, "Hour": 9, "usuario_id": "0fb7426c-aaeb-4a13-9a2e-25161c91a6e6", "transaccion_id": "3d8904d9-f989-427f-8294-a0e0e78f4240", "fecha": "2025-07-04 02:23:45"}
2025-07-04 02:23:46.130 | SUCCESS  | consumer_service:consume_loop:54 - Predicción obtenida: fraudulento
2025-07-04 02:23:46.154 | INFO     | consumer_service:save_to_postgres:197 - Registro insertado en la base de datos correctamente
2025-07-04 02:23:46.155 | INFO     | consumer_service:consume_loop:44 - Mensaje recibido: {"Category": "Online", "TransactionAmount": 10.057863646142923, "AnomalyScore": 0.33548390763040714, "Timestamp": "2022-01-20 08:19:32", "Amount": 81.19766044677004, "AccountBalance": 8509.332327373395, "LastLogin": "2024-07-31", "SuspiciousFlag": 0, "Hour": 23, "usuario_id": "e59d8593-1d12-4978-b0ab-5b96d497bc17", "transaccion_id": "d5f66af4-e97d-4c7e-9dd8-d419d993b5db", "fecha": "2025-07-04 02:23:45"}
2025-07-04 02:23:46.167 | SUCCESS  | consumer_service:consume_loop:54 - Predicción obtenida: fraudulento
2025-07-04 02:23:46.192 | INFO     | consumer_service:save_to_postgres:197 - Registro insertado en la base de datos correctamente
2025-07-04 02:23:46.193 | INFO     | consumer_service:consume_loop:44 - Mensaje recibido: {"Category": "Other", "TransactionAmount": 37.14681764341006, "AnomalyScore": 0.8846220507430966, "Timestamp": "2022-01-23 02:01:45", "Amount": 29.297713782010973, "AccountBalance": 4433.52273704466, "LastLogin": "2022-08-13", "SuspiciousFlag": 0, "Hour": 23, "usuario_id": "fd2833ad-88c6-416c-96a6-67da9ef8d4b2", "transaccion_id": "e417091d-accd-47c0-9043-a64efaead95e", "fecha": "2025-07-04 02:23:45"}
2025-07-04 02:23:46.206 | SUCCESS  | consumer_service:consume_loop:54 - Predicción obtenida: fraudulento
2025-07-04 02:23:46.231 | INFO     | consumer_service:save_to_postgres:197 - Registro insertado en la base de datos correctamente
2025-07-04 02:23:46.231 | INFO     | consumer_service:consume_loop:44 - Mensaje recibido: {"Category": "Online", "TransactionAmount": 15.280973662681209, "AnomalyScore": 0.45224811825215444, "Timestamp": "2022-02-11 15:00:00", "Amount": 99.88740974312738, "AccountBalance": 9726.54598347682, "LastLogin": "2022-11-10", "SuspiciousFlag": 0, "Hour": 11, "usuario_id": "37a1ab36-461a-4011-8c36-f99650b3a5eb", "transaccion_id": "30bec148-872a-4672-b116-3eb636c373b4", "fecha": "2025-07-04 02:23:45"}
2025-07-04 02:23:46.244 | SUCCESS  | consumer_service:consume_loop:54 - Predicción obtenida: fraudulento
2025-07-04 02:23:46.279 | INFO     | consumer_service:save_to_postgres:197 - Registro insertado en la base de datos correctamente
2025-07-04 02:23:46.280 | INFO     | consumer_service:consume_loop:44 - Mensaje recibido: {"Category": "Travel", "TransactionAmount": 69.26232376243237, "AnomalyScore": 0.9990473412377048, "Timestamp": "2022-01-19 21:55:04", "Amount": 57.8590725555109, "AccountBalance": 4464.627598983246, "LastLogin": "2022-02-15", "SuspiciousFlag": 0, "Hour": 16, "usuario_id": "b2a6ed3d-7f75-4d8b-b797-0c5bc984d0f8", "transaccion_id": "16277b3a-8256-474f-8c6d-b37211cf012a", "fecha": "2025-07-04 02:23:45"}
2025-07-04 02:23:46.300 | SUCCESS  | consumer_service:consume_loop:54 - Predicción obtenida: fraudulento
2025-07-04 02:23:46.327 | INFO     | consumer_service:save_to_postgres:197 - Registro insertado en la base de datos correctamente
2025-07-04 02:23:46.328 | INFO     | consumer_service:consume_loop:44 - Mensaje recibido: {"Category": "Online", "TransactionAmount": 38.403871056514795, "AnomalyScore": 0.776056600308278, "Timestamp": "2022-01-15 10:05:02", "Amount": 81.06736188344233, "AccountBalance": 9999.776238940984, "LastLogin": "2022-10-24", "SuspiciousFlag": 0, "Hour": 19, "usuario_id": "778d605c-3f30-4235-b0fc-88152d311808", "transaccion_id": "951bcb84-b8dc-4dd4-8a40-65146dd53f90", "fecha": "2025-07-04 02:23:45"}
2025-07-04 02:23:46.343 | SUCCESS  | consumer_service:consume_loop:54 - Predicción obtenida: fraudulento
2025-07-04 02:23:46.374 | INFO     | consumer_service:save_to_postgres:197 - Registro insertado en la base de datos correctamente
2025-07-04 02:23:46.375 | INFO     | consumer_service:consume_loop:44 - Mensaje recibido: {"Category": "Food", "TransactionAmount": 49.677890461263836, "AnomalyScore": 0.7332419792762194, "Timestamp": "2022-01-30 22:27:22", "Amount": 60.875747666523054, "AccountBalance": 9999.776238940984, "LastLogin": "2022-12-30", "SuspiciousFlag": 0, "Hour": 9, "usuario_id": "66caebb3-9c2c-44d6-9d50-48668f29704e", "transaccion_id": "a0741021-1416-4948-bad7-1766e71aa0ca", "fecha": "2025-07-04 02:23:45"}
2025-07-04 02:23:46.389 | SUCCESS  | consumer_service:consume_loop:54 - Predicción obtenida: fraudulento
2025-07-04 02:23:46.417 | INFO     | consumer_service:save_to_postgres:197 - Registro insertado en la base de datos correctamente
2025-07-04 02:25:48.769 | INFO     | consumer_service:consume_loop:44 - Mensaje recibido: {"Category": "Other", "TransactionAmount": 26.26287215978836, "AnomalyScore": 0.44448839001714213, "Timestamp": "2022-01-25 14:50:00", "Amount": 49.84900209737859, "AccountBalance": 9093.314805842047, "LastLogin": "2022-08-20", "SuspiciousFlag": 1, "Hour": 23, "usuario_id": "fdc51e60-dcec-4087-9e38-8a076db12588", "transaccion_id": "79d050e6-2150-4d45-b540-861fea8d7b54", "fecha": "2025-07-04 02:25:48"}
2025-07-04 02:25:48.788 | SUCCESS  | consumer_service:consume_loop:54 - Predicción obtenida: fraudulento
2025-07-04 02:25:48.818 | INFO     | consumer_service:save_to_postgres:197 - Registro insertado en la base de datos correctamente
2025-07-04 02:25:48.819 | INFO     | consumer_service:consume_loop:44 - Mensaje recibido: {"Category": "Other", "TransactionAmount": 21.296726074181812, "AnomalyScore": 0.7620355019329526, "Timestamp": "2022-01-21 23:04:44", "Amount": 76.61766299155767, "AccountBalance": 1913.9339647387337, "LastLogin": "2022-09-10", "SuspiciousFlag": 1, "Hour": 14, "usuario_id": "a37e1e50-e956-41f3-9a86-08bda2e32511", "transaccion_id": "6cace8d8-75d1-4641-8479-890fd62d1202", "fecha": "2025-07-04 02:25:48"}
2025-07-04 02:25:48.834 | SUCCESS  | consumer_service:consume_loop:54 - Predicción obtenida: fraudulento
2025-07-04 02:25:48.859 | INFO     | consumer_service:save_to_postgres:197 - Registro insertado en la base de datos correctamente
2025-07-04 02:25:48.860 | INFO     | consumer_service:consume_loop:44 - Mensaje recibido: {"Category": "Online", "TransactionAmount": 52.96163935958662, "AnomalyScore": 0.19818027207239813, "Timestamp": "2022-01-09 14:15:42", "Amount": 19.034787557761756, "AccountBalance": 8609.537763200435, "LastLogin": "2022-01-01", "SuspiciousFlag": 0, "Hour": 23, "usuario_id": "fa94c710-5681-46ca-9d9d-8550216ad6ee", "transaccion_id": "42ddb04f-8880-49fe-a1e4-2ed25bf597ed", "fecha": "2025-07-04 02:25:48"}
2025-07-04 02:25:48.873 | SUCCESS  | consumer_service:consume_loop:54 - Predicción obtenida: fraudulento
2025-07-04 02:25:48.898 | INFO     | consumer_service:save_to_postgres:197 - Registro insertado en la base de datos correctamente
2025-07-04 02:25:48.899 | INFO     | consumer_service:consume_loop:44 - Mensaje recibido: {"Category": "Online", "TransactionAmount": 16.019287695546776, "AnomalyScore": 0.22607866236295573, "Timestamp": "2022-01-16 02:59:55", "Amount": 76.3198791087706, "AccountBalance": 4075.0699115848993, "LastLogin": "2024-01-27", "SuspiciousFlag": 0, "Hour": 9, "usuario_id": "461add37-cd0e-457b-b769-1486641dd6a1", "transaccion_id": "8e53682a-87e6-455e-a4f1-a254b4ad920b", "fecha": "2025-07-04 02:25:48"}
2025-07-04 02:25:48.915 | SUCCESS  | consumer_service:consume_loop:54 - Predicción obtenida: fraudulento
2025-07-04 02:25:48.941 | INFO     | consumer_service:save_to_postgres:197 - Registro insertado en la base de datos correctamente
2025-07-04 02:25:48.942 | INFO     | consumer_service:consume_loop:44 - Mensaje recibido: {"Category": "Online", "TransactionAmount": 10.057863646142923, "AnomalyScore": 0.33548390763040714, "Timestamp": "2022-01-20 08:19:32", "Amount": 81.19766044677004, "AccountBalance": 8509.332327373395, "LastLogin": "2024-07-31", "SuspiciousFlag": 0, "Hour": 23, "usuario_id": "1323e8a6-2e8e-4593-b214-9226a2d08562", "transaccion_id": "28d93809-e5c7-4da5-9c45-e2f6d2eab91e", "fecha": "2025-07-04 02:25:48"}
2025-07-04 02:25:48.956 | SUCCESS  | consumer_service:consume_loop:54 - Predicción obtenida: fraudulento
2025-07-04 02:25:48.983 | INFO     | consumer_service:save_to_postgres:197 - Registro insertado en la base de datos correctamente
2025-07-04 02:25:48.983 | INFO     | consumer_service:consume_loop:44 - Mensaje recibido: {"Category": "Other", "TransactionAmount": 37.14681764341006, "AnomalyScore": 0.8846220507430966, "Timestamp": "2022-01-23 02:01:45", "Amount": 29.297713782010973, "AccountBalance": 4433.52273704466, "LastLogin": "2022-08-13", "SuspiciousFlag": 0, "Hour": 23, "usuario_id": "1dccaa4a-9b71-4704-b580-04711d8a1698", "transaccion_id": "a8684f31-416b-4d67-bf71-4c1d300abde3", "fecha": "2025-07-04 02:25:48"}
2025-07-04 02:25:48.998 | SUCCESS  | consumer_service:consume_loop:54 - Predicción obtenida: fraudulento
2025-07-04 02:25:49.026 | INFO     | consumer_service:save_to_postgres:197 - Registro insertado en la base de datos correctamente
2025-07-04 02:25:49.027 | INFO     | consumer_service:consume_loop:44 - Mensaje recibido: {"Category": "Online", "TransactionAmount": 15.280973662681209, "AnomalyScore": 0.45224811825215444, "Timestamp": "2022-02-11 15:00:00", "Amount": 99.88740974312738, "AccountBalance": 9726.54598347682, "LastLogin": "2022-11-10", "SuspiciousFlag": 0, "Hour": 11, "usuario_id": "b8981720-1d55-46d5-af3e-6f5e6fa2bde6", "transaccion_id": "66c995a2-0be8-4b75-a983-f4da43092573", "fecha": "2025-07-04 02:25:48"}
2025-07-04 02:25:49.043 | SUCCESS  | consumer_service:consume_loop:54 - Predicción obtenida: fraudulento
2025-07-04 02:26:44.750 | INFO     | consumer_service:consume_loop:33 - Esperando mensajes de Kafka...
2025-07-04 02:26:44.754 | INFO     | consumer_service:consume_loop:44 - Mensaje recibido: {"Category": "Online", "TransactionAmount": 16.019287695546776, "AnomalyScore": 0.22607866236295573, "Timestamp": "2022-01-16 02:59:55", "Amount": 76.3198791087706, "AccountBalance": 4075.0699115848993, "LastLogin": "2024-01-27", "SuspiciousFlag": 0, "Hour": 9, "usuario_id": "461add37-cd0e-457b-b769-1486641dd6a1", "transaccion_id": "8e53682a-87e6-455e-a4f1-a254b4ad920b", "fecha": "2025-07-04 02:25:48"}
2025-07-04 02:26:44.785 | SUCCESS  | consumer_service:consume_loop:54 - Predicción obtenida: fraudulento
2025-07-04 02:26:44.812 | INFO     | consumer_service:save_to_postgres:197 - Registro insertado en la base de datos correctamente
2025-07-04 02:26:44.813 | INFO     | consumer_service:consume_loop:44 - Mensaje recibido: {"Category": "Online", "TransactionAmount": 10.057863646142923, "AnomalyScore": 0.33548390763040714, "Timestamp": "2022-01-20 08:19:32", "Amount": 81.19766044677004, "AccountBalance": 8509.332327373395, "LastLogin": "2024-07-31", "SuspiciousFlag": 0, "Hour": 23, "usuario_id": "1323e8a6-2e8e-4593-b214-9226a2d08562", "transaccion_id": "28d93809-e5c7-4da5-9c45-e2f6d2eab91e", "fecha": "2025-07-04 02:25:48"}
2025-07-04 02:26:44.827 | SUCCESS  | consumer_service:consume_loop:54 - Predicción obtenida: fraudulento
2025-07-04 02:26:44.853 | INFO     | consumer_service:save_to_postgres:197 - Registro insertado en la base de datos correctamente
2025-07-04 02:26:44.854 | INFO     | consumer_service:consume_loop:44 - Mensaje recibido: {"Category": "Other", "TransactionAmount": 37.14681764341006, "AnomalyScore": 0.8846220507430966, "Timestamp": "2022-01-23 02:01:45", "Amount": 29.297713782010973, "AccountBalance": 4433.52273704466, "LastLogin": "2022-08-13", "SuspiciousFlag": 0, "Hour": 23, "usuario_id": "1dccaa4a-9b71-4704-b580-04711d8a1698", "transaccion_id": "a8684f31-416b-4d67-bf71-4c1d300abde3", "fecha": "2025-07-04 02:25:48"}
2025-07-04 02:26:44.870 | SUCCESS  | consumer_service:consume_loop:54 - Predicción obtenida: fraudulento
2025-07-04 02:26:44.901 | INFO     | consumer_service:save_to_postgres:197 - Registro insertado en la base de datos correctamente
2025-07-04 02:26:44.902 | INFO     | consumer_service:consume_loop:44 - Mensaje recibido: {"Category": "Online", "TransactionAmount": 15.280973662681209, "AnomalyScore": 0.45224811825215444, "Timestamp": "2022-02-11 15:00:00", "Amount": 99.88740974312738, "AccountBalance": 9726.54598347682, "LastLogin": "2022-11-10", "SuspiciousFlag": 0, "Hour": 11, "usuario_id": "b8981720-1d55-46d5-af3e-6f5e6fa2bde6", "transaccion_id": "66c995a2-0be8-4b75-a983-f4da43092573", "fecha": "2025-07-04 02:25:48"}
2025-07-04 02:26:44.918 | SUCCESS  | consumer_service:consume_loop:54 - Predicción obtenida: fraudulento
2025-07-04 02:26:44.948 | INFO     | consumer_service:save_to_postgres:197 - Registro insertado en la base de datos correctamente
2025-07-04 02:26:55.211 | INFO     | consumer_service:consume_loop:44 - Mensaje recibido: {"Category": "Other", "TransactionAmount": 26.26287215978836, "AnomalyScore": 0.44448839001714213, "Timestamp": "2022-01-25 14:50:00", "Amount": 49.84900209737859, "AccountBalance": 9093.314805842047, "LastLogin": "2022-08-20", "SuspiciousFlag": 1, "Hour": 23, "usuario_id": "f4d2b966-938d-4bd3-a006-141250577d29", "transaccion_id": "f8d21ec7-f671-4658-90a9-7f8321101659", "fecha": "2025-07-04 02:26:55"}
2025-07-04 02:26:55.227 | SUCCESS  | consumer_service:consume_loop:54 - Predicción obtenida: fraudulento
2025-07-04 02:26:55.257 | INFO     | consumer_service:save_to_postgres:197 - Registro insertado en la base de datos correctamente
2025-07-04 02:26:55.257 | INFO     | consumer_service:consume_loop:44 - Mensaje recibido: {"Category": "Other", "TransactionAmount": 21.296726074181812, "AnomalyScore": 0.7620355019329526, "Timestamp": "2022-01-21 23:04:44", "Amount": 76.61766299155767, "AccountBalance": 1913.9339647387337, "LastLogin": "2022-09-10", "SuspiciousFlag": 1, "Hour": 14, "usuario_id": "7ed514d1-3cb1-40aa-9ef0-fa62ecab3b86", "transaccion_id": "2271a667-6e1b-4a5b-b188-3fa9aa9c1087", "fecha": "2025-07-04 02:26:55"}
2025-07-04 02:26:55.272 | SUCCESS  | consumer_service:consume_loop:54 - Predicción obtenida: fraudulento
2025-07-04 02:26:55.305 | INFO     | consumer_service:save_to_postgres:197 - Registro insertado en la base de datos correctamente
2025-07-04 02:26:55.306 | INFO     | consumer_service:consume_loop:44 - Mensaje recibido: {"Category": "Online", "TransactionAmount": 52.96163935958662, "AnomalyScore": 0.19818027207239813, "Timestamp": "2022-01-09 14:15:42", "Amount": 19.034787557761756, "AccountBalance": 8609.537763200435, "LastLogin": "2022-01-01", "SuspiciousFlag": 0, "Hour": 23, "usuario_id": "83a4b68e-650d-4255-a6d6-f9e6d8505432", "transaccion_id": "72b27be7-71f3-4a06-914f-76a2c7658a65", "fecha": "2025-07-04 02:26:55"}
2025-07-04 02:26:55.323 | SUCCESS  | consumer_service:consume_loop:54 - Predicción obtenida: fraudulento
2025-07-04 02:26:55.353 | INFO     | consumer_service:save_to_postgres:197 - Registro insertado en la base de datos correctamente
2025-07-04 02:26:55.354 | INFO     | consumer_service:consume_loop:44 - Mensaje recibido: {"Category": "Online", "TransactionAmount": 16.019287695546776, "AnomalyScore": 0.22607866236295573, "Timestamp": "2022-01-16 02:59:55", "Amount": 76.3198791087706, "AccountBalance": 4075.0699115848993, "LastLogin": "2024-01-27", "SuspiciousFlag": 0, "Hour": 9, "usuario_id": "a3d8aa4a-1b45-49ed-b43b-903246f5d796", "transaccion_id": "cfe9336e-db98-44e0-9716-f488a78d6f23", "fecha": "2025-07-04 02:26:55"}
2025-07-04 02:26:55.371 | SUCCESS  | consumer_service:consume_loop:54 - Predicción obtenida: fraudulento
2025-07-04 02:26:55.400 | INFO     | consumer_service:save_to_postgres:197 - Registro insertado en la base de datos correctamente
2025-07-04 02:26:55.401 | INFO     | consumer_service:consume_loop:44 - Mensaje recibido: {"Category": "Online", "TransactionAmount": 10.057863646142923, "AnomalyScore": 0.33548390763040714, "Timestamp": "2022-01-20 08:19:32", "Amount": 81.19766044677004, "AccountBalance": 8509.332327373395, "LastLogin": "2024-07-31", "SuspiciousFlag": 0, "Hour": 23, "usuario_id": "5f80f8eb-804e-4474-834c-44b0a192de8b", "transaccion_id": "931e201d-ba1c-4f6a-b859-20a143b85493", "fecha": "2025-07-04 02:26:55"}
2025-07-04 02:26:55.417 | SUCCESS  | consumer_service:consume_loop:54 - Predicción obtenida: fraudulento
2025-07-04 02:26:55.446 | INFO     | consumer_service:save_to_postgres:197 - Registro insertado en la base de datos correctamente
