2025-06-26 22:45:30.267 | ERROR    | __main__:delivery_report:24 - Mensaje fallido: KafkaError{code=_MSG_TIMED_OUT,val=-192,str="Local: Message timed out"}
2025-06-26 22:45:30.267 | ERROR    | __main__:delivery_report:24 - Mensaje fallido: KafkaError{code=_MSG_TIMED_OUT,val=-192,str="Local: Message timed out"}
2025-06-26 22:45:30.267 | ERROR    | __main__:delivery_report:24 - Mensaje fallido: KafkaError{code=_MSG_TIMED_OUT,val=-192,str="Local: Message timed out"}
2025-06-26 22:45:30.267 | ERROR    | __main__:delivery_report:24 - Mensaje fallido: KafkaError{code=_MSG_TIMED_OUT,val=-192,str="Local: Message timed out"}
2025-06-26 22:45:30.267 | ERROR    | __main__:delivery_report:24 - Mensaje fallido: KafkaError{code=_MSG_TIMED_OUT,val=-192,str="Local: Message timed out"}
2025-06-26 22:45:30.267 | ERROR    | __main__:delivery_report:24 - Mensaje fallido: KafkaError{code=_MSG_TIMED_OUT,val=-192,str="Local: Message timed out"}
2025-06-26 22:45:30.267 | ERROR    | __main__:delivery_report:24 - Mensaje fallido: KafkaError{code=_MSG_TIMED_OUT,val=-192,str="Local: Message timed out"}
2025-06-26 22:45:30.267 | ERROR    | __main__:delivery_report:24 - Mensaje fallido: KafkaError{code=_MSG_TIMED_OUT,val=-192,str="Local: Message timed out"}
2025-06-26 22:45:30.267 | INFO     | __main__:<module>:71 - Todos los mensajes han sido enviados.
2025-06-26 23:26:06.776 | INFO     | __main__:<module>:95 - Todos los mensajes han sido enviados.
2025-06-26 23:29:35.488 | ERROR    | __main__:<module>:95 - Kafka no está levantado. Abortando...
2025-06-27 11:48:22.399 | INFO     | producer:kafka_esta_disponible:31 - Kafka no disponible (intento 1/3): NoBrokersAvailable
2025-06-27 11:48:27.072 | INFO     | producer:kafka_esta_disponible:31 - Kafka no disponible (intento 2/3): NoBrokersAvailable
2025-06-27 11:48:31.748 | INFO     | producer:kafka_esta_disponible:31 - Kafka no disponible (intento 3/3): NoBrokersAvailable
2025-06-27 11:48:33.750 | ERROR    | producer:generar_transacciones:42 - Kafka no está disponible
2025-06-27 11:49:28.949 | INFO     | producer:kafka_esta_disponible:31 - Kafka no disponible - kafka:9092 - Intento 1/3: NoBrokersAvailable
2025-06-27 11:49:33.657 | INFO     | producer:kafka_esta_disponible:31 - Kafka no disponible - kafka:9092 - Intento 2/3: NoBrokersAvailable
2025-06-27 11:49:38.351 | INFO     | producer:kafka_esta_disponible:31 - Kafka no disponible - kafka:9092 - Intento 3/3: NoBrokersAvailable
2025-06-27 11:49:40.352 | ERROR    | producer:generar_transacciones:42 - Kafka no está disponible
2025-06-27 11:50:58.089 | INFO     | producer:generar_transacciones:76 - Transacciones enviadas.
